<?xml version="1.0" encoding="UTF-8"?>
<!-- Generated by org.testng.reporters.JUnitReportReporter -->
<testsuite skipped="0" hostname="sbasak22" name="com.training.sanity.tests.CreatePropertyAddingRegionSeparately" tests="1" failures="0" timestamp="07 Nov 2019 05:37:31 GMT" time="52.449" errors="0">
  <testcase name="createPropertyAddingRegionSeparately" time="52.449" classname="com.training.sanity.tests.CreatePropertyAddingRegionSeparately"/>
</testsuite> <!-- com.training.sanity.tests.CreatePropertyAddingRegionSeparately -->
