<?xml version="1.0" encoding="UTF-8"?>
<!-- Generated by org.testng.reporters.JUnitReportReporter -->
<testsuite skipped="0" hostname="sbasak22" name="com.training.sanity.tests.MyLoginTest" tests="1" failures="0" timestamp="12 Nov 2019 06:42:30 GMT" time="25.109" errors="0">
  <testcase name="validLoginTest" time="25.109" classname="com.training.sanity.tests.MyLoginTest"/>
</testsuite> <!-- com.training.sanity.tests.MyLoginTest -->
