<?xml version="1.0" encoding="UTF-8"?>
<!-- Generated by org.testng.reporters.JUnitReportReporter -->
<testsuite skipped="0" hostname="sbasak22" name="com.training.sanity.tests.MyLoginTest" tests="1" failures="0" timestamp="04 Nov 2019 11:41:38 GMT" time="29.293" errors="0">
  <testcase name="validLoginTest" time="29.293" classname="com.training.sanity.tests.MyLoginTest"/>
</testsuite> <!-- com.training.sanity.tests.MyLoginTest -->
