<?xml version="1.0" encoding="UTF-8"?>
<!-- Generated by org.testng.reporters.JUnitReportReporter -->
<testsuite skipped="0" hostname="sbasak22" name="com.training.sanity.tests.CreatePropertyAddingSubFeature" tests="1" failures="0" timestamp="07 Nov 2019 05:18:23 GMT" time="51.744" errors="0">
  <testcase name="createPropertyAddingSubFeature" time="51.744" classname="com.training.sanity.tests.CreatePropertyAddingSubFeature"/>
</testsuite> <!-- com.training.sanity.tests.CreatePropertyAddingSubFeature -->
