<?xml version="1.0" encoding="UTF-8"?>
<!-- Generated by org.testng.reporters.JUnitReportReporter -->
<testsuite skipped="0" hostname="sbasak22" name="com.training.sanity.tests.CreatePropertyAddingFeatureSeparately" tests="1" failures="0" timestamp="07 Nov 2019 03:50:26 GMT" time="46.881" errors="0">
  <testcase name="createPropertyAddingFeatureSeparately" time="46.881" classname="com.training.sanity.tests.CreatePropertyAddingFeatureSeparately"/>
</testsuite> <!-- com.training.sanity.tests.CreatePropertyAddingFeatureSeparately -->
