<?xml version="1.0" encoding="UTF-8"?>
<!-- Generated by org.testng.reporters.JUnitReportReporter -->
<testsuite skipped="0" hostname="sbasak22" name="com.training.sanity.tests.LostPasswordTest" tests="1" failures="0" timestamp="07 Nov 2019 04:51:10 GMT" time="30.071" errors="0">
  <testcase name="lostpasswordTest" time="30.071" classname="com.training.sanity.tests.LostPasswordTest"/>
</testsuite> <!-- com.training.sanity.tests.LostPasswordTest -->
