<?xml version="1.0" encoding="UTF-8"?>
<!-- Generated by org.testng.reporters.JUnitReportReporter -->
<testsuite skipped="0" hostname="sbasak22" name="com.training.sanity.tests.CreatePropertyAddingSubRegion" tests="1" failures="0" timestamp="07 Nov 2019 03:57:46 GMT" time="76.577" errors="0">
  <testcase name="createPropertyAddingSubRegion" time="76.577" classname="com.training.sanity.tests.CreatePropertyAddingSubRegion"/>
</testsuite> <!-- com.training.sanity.tests.CreatePropertyAddingSubRegion -->
