<?xml version="1.0" encoding="UTF-8"?>
<!-- Generated by org.testng.reporters.JUnitReportReporter -->
<testsuite skipped="0" hostname="sbasak22" name="com.training.sanity.tests.CreatePropertyAddingRegionSeparately" tests="1" failures="0" timestamp="07 Nov 2019 03:56:07 GMT" time="46.859" errors="0">
  <testcase name="createPropertyAddingRegionSeparately" time="46.859" classname="com.training.sanity.tests.CreatePropertyAddingRegionSeparately"/>
</testsuite> <!-- com.training.sanity.tests.CreatePropertyAddingRegionSeparately -->
