<?xml version="1.0" encoding="UTF-8"?>
<!-- Generated by org.testng.reporters.JUnitReportReporter -->
<testsuite skipped="0" hostname="sbasak22" name="com.training.sanity.tests.NewPasswordTest" tests="1" failures="0" timestamp="04 Nov 2019 11:42:38 GMT" time="35.640" errors="0">
  <testcase name="genNewPassword" time="35.640" classname="com.training.sanity.tests.NewPasswordTest"/>
</testsuite> <!-- com.training.sanity.tests.NewPasswordTest -->
