<?xml version="1.0" encoding="UTF-8"?>
<!-- Generated by org.testng.reporters.JUnitReportReporter -->
<testsuite skipped="0" hostname="sbasak22" name="com.training.sanity.tests.QueryInContactFormPage" tests="3" failures="0" timestamp="09 Nov 2019 14:04:09 GMT" time="110.691" errors="0">
  <testcase name="testMethod1" time="35.232" classname="com.training.sanity.tests.QueryInContactFormPage"/>
  <testcase name="testMethod1" time="40.525" classname="com.training.sanity.tests.QueryInContactFormPage"/>
  <testcase name="testMethod1" time="34.934" classname="com.training.sanity.tests.QueryInContactFormPage"/>
</testsuite> <!-- com.training.sanity.tests.QueryInContactFormPage -->
