<?xml version="1.0" encoding="UTF-8"?>
<!-- Generated by org.testng.reporters.JUnitReportReporter -->
<testsuite skipped="0" hostname="sbasak22" name="com.training.sanity.tests.LogOutTest" tests="1" failures="0" timestamp="04 Nov 2019 11:43:44 GMT" time="32.177" errors="0">
  <testcase name="validLogoutTest" time="32.177" classname="com.training.sanity.tests.LogOutTest"/>
</testsuite> <!-- com.training.sanity.tests.LogOutTest -->
