<?xml version="1.0" encoding="UTF-8"?>
<!-- Generated by org.testng.reporters.JUnitReportReporter -->
<testsuite skipped="0" hostname="sbasak22" name="com.training.sanity.tests.EditProfileTest" tests="1" failures="0" timestamp="04 Nov 2019 11:44:45 GMT" time="35.828" errors="0">
  <testcase name="editProfileTest" time="35.828" classname="com.training.sanity.tests.EditProfileTest"/>
</testsuite> <!-- com.training.sanity.tests.EditProfileTest -->
