<?xml version="1.0" encoding="UTF-8"?>
<!-- Generated by org.testng.reporters.JUnitReportReporter -->
<testsuite skipped="0" hostname="sbasak22" name="com.training.sanity.tests.ChangeOfRole" tests="3" failures="0" timestamp="09 Nov 2019 15:58:31 GMT" time="133.304" errors="0">
  <testcase name="changeOfRole" time="51.771" classname="com.training.sanity.tests.ChangeOfRole"/>
  <testcase name="changeOfRole" time="36.534" classname="com.training.sanity.tests.ChangeOfRole"/>
  <testcase name="changeOfRole" time="44.999" classname="com.training.sanity.tests.ChangeOfRole"/>
</testsuite> <!-- com.training.sanity.tests.ChangeOfRole -->
