<?xml version="1.0" encoding="UTF-8"?>
<!-- Generated by org.testng.reporters.JUnitReportReporter -->
<testsuite skipped="0" hostname="sbasak22" name="com.training.sanity.tests.CreatePropertyAddingSubFeature" tests="1" failures="0" timestamp="07 Nov 2019 03:52:48 GMT" time="48.028" errors="0">
  <testcase name="createPropertyAddingSubFeature" time="48.028" classname="com.training.sanity.tests.CreatePropertyAddingSubFeature"/>
</testsuite> <!-- com.training.sanity.tests.CreatePropertyAddingSubFeature -->
