<?xml version="1.0" encoding="UTF-8"?>
<!-- Generated by org.testng.reporters.JUnitReportReporter -->
<testsuite skipped="0" hostname="sbasak22" name="com.training.sanity.tests.CreatePropertyAddingFeatureAndRegionSeparately" tests="1" failures="0" timestamp="07 Nov 2019 05:13:57 GMT" time="54.361" errors="0">
  <testcase name="createPropertyAddingFeatureAndRegionSeparately" time="54.361" classname="com.training.sanity.tests.CreatePropertyAddingFeatureAndRegionSeparately"/>
</testsuite> <!-- com.training.sanity.tests.CreatePropertyAddingFeatureAndRegionSeparately -->
